Feb 07, 2015 10:35:15 PM org.apache.catalina.core.AprLifecycleListener init
INFO: The APR based Apache Tomcat Native library which allows optimal performance in production environments was not found on the java.library.path: /Users/artem.demidovich/Library/Java/Extensions:/Library/Java/Extensions:/Network/Library/Java/Extensions:/System/Library/Java/Extensions:/usr/lib/java:.
Feb 07, 2015 10:35:15 PM org.apache.coyote.AbstractProtocol init
INFO: Initializing ProtocolHandler ["http-bio-8080"]
Feb 07, 2015 10:35:15 PM org.apache.coyote.AbstractProtocol init
INFO: Initializing ProtocolHandler ["ajp-bio-8009"]
Feb 07, 2015 10:35:15 PM org.apache.catalina.startup.Catalina load
INFO: Initialization processed in 803 ms
Feb 07, 2015 10:35:15 PM org.apache.catalina.core.StandardService startInternal
INFO: Starting service Catalina
Feb 07, 2015 10:35:15 PM org.apache.catalina.core.StandardEngine startInternal
INFO: Starting Servlet Engine: Apache Tomcat/7.0.47
Feb 07, 2015 10:35:15 PM org.apache.catalina.startup.HostConfig deployWAR
INFO: Deploying web application archive /Users/artem.demidovich/Documents/sushimi/apache-tomcat-7.0.47/webapps/sushimi-rest-api-v2-3.war
Feb 07, 2015 10:35:22 PM org.apache.catalina.core.StandardContext startInternal
SEVERE: Error listenerStart
Feb 07, 2015 10:35:22 PM org.apache.catalina.core.StandardContext startInternal
SEVERE: Context [/sushimi-rest-api-v2-3] startup failed due to previous errors
Feb 07, 2015 10:35:22 PM org.apache.catalina.loader.WebappClassLoader clearReferencesJdbc
SEVERE: The web application [/sushimi-rest-api-v2-3] registered the JDBC driver [org.postgresql.Driver] but failed to unregister it when the web application was stopped. To prevent a memory leak, the JDBC Driver has been forcibly unregistered.
Feb 07, 2015 10:35:22 PM org.apache.catalina.loader.WebappClassLoader clearReferencesJdbc
SEVERE: The web application [/sushimi-rest-api-v2-3] registered the JDBC driver [play.db.DBPlugin.ProxyDriver] but failed to unregister it when the web application was stopped. To prevent a memory leak, the JDBC Driver has been forcibly unregistered.
Feb 07, 2015 10:35:22 PM org.apache.catalina.startup.HostConfig deployDirectory
INFO: Deploying web application directory /Users/artem.demidovich/Documents/sushimi/apache-tomcat-7.0.47/webapps/host-manager
Feb 07, 2015 10:35:25 PM org.apache.catalina.startup.HostConfig deployDirectory
INFO: Deploying web application directory /Users/artem.demidovich/Documents/sushimi/apache-tomcat-7.0.47/webapps/manager
Feb 07, 2015 10:35:28 PM org.apache.catalina.startup.HostConfig deployDirectory
INFO: Deploying web application directory /Users/artem.demidovich/Documents/sushimi/apache-tomcat-7.0.47/webapps/ROOT
Feb 07, 2015 10:35:32 PM org.apache.coyote.AbstractProtocol start
INFO: Starting ProtocolHandler ["http-bio-8080"]
Feb 07, 2015 10:35:32 PM org.apache.coyote.AbstractProtocol start
INFO: Starting ProtocolHandler ["ajp-bio-8009"]
Feb 07, 2015 10:35:32 PM org.apache.catalina.startup.Catalina start
INFO: Server startup in 17330 ms
Feb 07, 2015 10:35:53 PM org.apache.catalina.startup.HostConfig deleteRedeployResources
INFO: Undeploying context [/sushimi-rest-api-v2-3]
Feb 07, 2015 10:36:43 PM org.apache.catalina.startup.HostConfig deployDirectory
INFO: Deploying web application directory /Users/artem.demidovich/Documents/sushimi/apache-tomcat-7.0.47/webapps/sushimi-rest-api-v2-3
Feb 07, 2015 10:37:28 PM org.apache.catalina.core.StandardServer await
INFO: A valid shutdown command was received via the shutdown port. Stopping the Server instance.
Feb 07, 2015 10:37:28 PM org.apache.coyote.AbstractProtocol pause
INFO: Pausing ProtocolHandler ["http-bio-8080"]
Feb 07, 2015 10:37:28 PM org.apache.coyote.AbstractProtocol pause
INFO: Pausing ProtocolHandler ["ajp-bio-8009"]
Feb 07, 2015 10:37:28 PM org.apache.catalina.core.StandardService stopInternal
INFO: Stopping service Catalina
Feb 07, 2015 10:37:28 PM org.apache.coyote.AbstractProtocol stop
INFO: Stopping ProtocolHandler ["http-bio-8080"]
Feb 07, 2015 10:37:28 PM org.apache.coyote.AbstractProtocol stop
INFO: Stopping ProtocolHandler ["ajp-bio-8009"]
Feb 07, 2015 10:37:28 PM org.apache.coyote.AbstractProtocol destroy
INFO: Destroying ProtocolHandler ["http-bio-8080"]
Feb 07, 2015 10:37:28 PM org.apache.coyote.AbstractProtocol destroy
INFO: Destroying ProtocolHandler ["ajp-bio-8009"]
Feb 07, 2015 10:37:29 PM org.apache.catalina.core.AprLifecycleListener init
INFO: The APR based Apache Tomcat Native library which allows optimal performance in production environments was not found on the java.library.path: /Users/artem.demidovich/Library/Java/Extensions:/Library/Java/Extensions:/Network/Library/Java/Extensions:/System/Library/Java/Extensions:/usr/lib/java:.
Feb 07, 2015 10:37:30 PM org.apache.coyote.AbstractProtocol init
INFO: Initializing ProtocolHandler ["http-bio-8080"]
Feb 07, 2015 10:37:30 PM org.apache.coyote.AbstractProtocol init
INFO: Initializing ProtocolHandler ["ajp-bio-8009"]
Feb 07, 2015 10:37:30 PM org.apache.catalina.startup.Catalina load
INFO: Initialization processed in 786 ms
Feb 07, 2015 10:37:30 PM org.apache.catalina.core.StandardService startInternal
INFO: Starting service Catalina
Feb 07, 2015 10:37:30 PM org.apache.catalina.core.StandardEngine startInternal
INFO: Starting Servlet Engine: Apache Tomcat/7.0.47
Feb 07, 2015 10:37:30 PM org.apache.catalina.startup.HostConfig deployDirectory
INFO: Deploying web application directory /Users/artem.demidovich/Documents/sushimi/apache-tomcat-7.0.47/webapps/host-manager
Feb 07, 2015 10:37:37 PM org.apache.catalina.startup.HostConfig deployDirectory
INFO: Deploying web application directory /Users/artem.demidovich/Documents/sushimi/apache-tomcat-7.0.47/webapps/manager
Feb 07, 2015 10:37:39 PM org.apache.catalina.startup.HostConfig deployDirectory
INFO: Deploying web application directory /Users/artem.demidovich/Documents/sushimi/apache-tomcat-7.0.47/webapps/ROOT
Feb 07, 2015 10:37:44 PM org.apache.catalina.startup.HostConfig deployDirectory
INFO: Deploying web application directory /Users/artem.demidovich/Documents/sushimi/apache-tomcat-7.0.47/webapps/sushimi-rest-api-v2-3
Feb 07, 2015 10:37:46 PM org.apache.coyote.AbstractProtocol start
INFO: Starting ProtocolHandler ["http-bio-8080"]
Feb 07, 2015 10:37:46 PM org.apache.coyote.AbstractProtocol start
INFO: Starting ProtocolHandler ["ajp-bio-8009"]
Feb 07, 2015 10:37:46 PM org.apache.catalina.startup.Catalina start
INFO: Server startup in 16149 ms
Feb 07, 2015 10:43:34 PM org.apache.catalina.core.StandardServer await
INFO: A valid shutdown command was received via the shutdown port. Stopping the Server instance.
Feb 07, 2015 10:43:34 PM org.apache.coyote.AbstractProtocol pause
INFO: Pausing ProtocolHandler ["http-bio-8080"]
Feb 07, 2015 10:43:34 PM org.apache.coyote.AbstractProtocol pause
INFO: Pausing ProtocolHandler ["ajp-bio-8009"]
Feb 07, 2015 10:43:34 PM org.apache.catalina.core.StandardService stopInternal
INFO: Stopping service Catalina
Feb 07, 2015 10:43:34 PM org.apache.coyote.AbstractProtocol stop
INFO: Stopping ProtocolHandler ["http-bio-8080"]
Feb 07, 2015 10:43:34 PM org.apache.coyote.AbstractProtocol stop
INFO: Stopping ProtocolHandler ["ajp-bio-8009"]
Feb 07, 2015 10:43:34 PM org.apache.coyote.AbstractProtocol destroy
INFO: Destroying ProtocolHandler ["http-bio-8080"]
Feb 07, 2015 10:43:34 PM org.apache.coyote.AbstractProtocol destroy
INFO: Destroying ProtocolHandler ["ajp-bio-8009"]
Feb 07, 2015 10:54:19 PM org.apache.catalina.core.AprLifecycleListener init
INFO: The APR based Apache Tomcat Native library which allows optimal performance in production environments was not found on the java.library.path: /Users/artem.demidovich/Library/Java/Extensions:/Library/Java/Extensions:/Network/Library/Java/Extensions:/System/Library/Java/Extensions:/usr/lib/java:.
Feb 07, 2015 10:54:19 PM org.apache.coyote.AbstractProtocol init
INFO: Initializing ProtocolHandler ["http-bio-8080"]
Feb 07, 2015 10:54:19 PM org.apache.coyote.AbstractProtocol init
INFO: Initializing ProtocolHandler ["ajp-bio-8009"]
Feb 07, 2015 10:54:19 PM org.apache.catalina.startup.Catalina load
INFO: Initialization processed in 683 ms
Feb 07, 2015 10:54:19 PM org.apache.catalina.core.StandardService startInternal
INFO: Starting service Catalina
Feb 07, 2015 10:54:19 PM org.apache.catalina.core.StandardEngine startInternal
INFO: Starting Servlet Engine: Apache Tomcat/7.0.47
Feb 07, 2015 10:54:19 PM org.apache.catalina.startup.HostConfig deployDirectory
INFO: Deploying web application directory /Users/artem.demidovich/Documents/sushimi/apache-tomcat-7.0.47/webapps/host-manager
Feb 07, 2015 10:54:24 PM org.apache.catalina.startup.HostConfig deployDirectory
INFO: Deploying web application directory /Users/artem.demidovich/Documents/sushimi/apache-tomcat-7.0.47/webapps/manager
Feb 07, 2015 10:54:26 PM org.apache.catalina.startup.HostConfig deployDirectory
INFO: Deploying web application directory /Users/artem.demidovich/Documents/sushimi/apache-tomcat-7.0.47/webapps/ROOT
Feb 07, 2015 10:54:32 PM org.apache.catalina.startup.HostConfig deployDirectory
INFO: Deploying web application directory /Users/artem.demidovich/Documents/sushimi/apache-tomcat-7.0.47/webapps/sushimi-rest-api-v2-3
Feb 07, 2015 10:54:34 PM org.apache.coyote.AbstractProtocol start
INFO: Starting ProtocolHandler ["http-bio-8080"]
Feb 07, 2015 10:54:34 PM org.apache.coyote.AbstractProtocol start
INFO: Starting ProtocolHandler ["ajp-bio-8009"]
Feb 07, 2015 10:54:34 PM org.apache.catalina.startup.Catalina start
INFO: Server startup in 15234 ms
Feb 07, 2015 10:57:05 PM org.apache.catalina.core.StandardServer await
INFO: A valid shutdown command was received via the shutdown port. Stopping the Server instance.
Feb 07, 2015 10:57:05 PM org.apache.coyote.AbstractProtocol pause
INFO: Pausing ProtocolHandler ["http-bio-8080"]
Feb 07, 2015 10:57:05 PM org.apache.coyote.AbstractProtocol pause
INFO: Pausing ProtocolHandler ["ajp-bio-8009"]
Feb 07, 2015 10:57:05 PM org.apache.catalina.core.StandardService stopInternal
INFO: Stopping service Catalina
Feb 07, 2015 10:57:05 PM org.apache.coyote.AbstractProtocol stop
INFO: Stopping ProtocolHandler ["http-bio-8080"]
Feb 07, 2015 10:57:06 PM org.apache.coyote.AbstractProtocol stop
INFO: Stopping ProtocolHandler ["ajp-bio-8009"]
Feb 07, 2015 10:57:06 PM org.apache.coyote.AbstractProtocol destroy
INFO: Destroying ProtocolHandler ["http-bio-8080"]
Feb 07, 2015 10:57:06 PM org.apache.coyote.AbstractProtocol destroy
INFO: Destroying ProtocolHandler ["ajp-bio-8009"]
Feb 07, 2015 10:57:07 PM org.apache.catalina.core.AprLifecycleListener init
INFO: The APR based Apache Tomcat Native library which allows optimal performance in production environments was not found on the java.library.path: /Users/artem.demidovich/Library/Java/Extensions:/Library/Java/Extensions:/Network/Library/Java/Extensions:/System/Library/Java/Extensions:/usr/lib/java:.
Feb 07, 2015 10:57:07 PM org.apache.coyote.AbstractProtocol init
INFO: Initializing ProtocolHandler ["http-bio-8080"]
Feb 07, 2015 10:57:07 PM org.apache.coyote.AbstractProtocol init
INFO: Initializing ProtocolHandler ["ajp-bio-8009"]
Feb 07, 2015 10:57:07 PM org.apache.catalina.startup.Catalina load
INFO: Initialization processed in 737 ms
Feb 07, 2015 10:57:07 PM org.apache.catalina.core.StandardService startInternal
INFO: Starting service Catalina
Feb 07, 2015 10:57:07 PM org.apache.catalina.core.StandardEngine startInternal
INFO: Starting Servlet Engine: Apache Tomcat/7.0.47
Feb 07, 2015 10:57:07 PM org.apache.catalina.startup.HostConfig deployDirectory
INFO: Deploying web application directory /Users/artem.demidovich/Documents/sushimi/apache-tomcat-7.0.47/webapps/host-manager
Feb 07, 2015 10:57:11 PM org.apache.catalina.startup.HostConfig deployDirectory
INFO: Deploying web application directory /Users/artem.demidovich/Documents/sushimi/apache-tomcat-7.0.47/webapps/manager
Feb 07, 2015 10:57:14 PM org.apache.catalina.startup.HostConfig deployDirectory
INFO: Deploying web application directory /Users/artem.demidovich/Documents/sushimi/apache-tomcat-7.0.47/webapps/ROOT
Feb 07, 2015 10:57:19 PM org.apache.catalina.startup.HostConfig deployDirectory
INFO: Deploying web application directory /Users/artem.demidovich/Documents/sushimi/apache-tomcat-7.0.47/webapps/sushimi-rest-api-v2-3
Feb 07, 2015 10:57:21 PM org.apache.coyote.AbstractProtocol start
INFO: Starting ProtocolHandler ["http-bio-8080"]
Feb 07, 2015 10:57:21 PM org.apache.coyote.AbstractProtocol start
INFO: Starting ProtocolHandler ["ajp-bio-8009"]
Feb 07, 2015 10:57:21 PM org.apache.catalina.startup.Catalina start
INFO: Server startup in 13346 ms
Feb 07, 2015 10:58:22 PM org.apache.catalina.core.StandardServer await
INFO: A valid shutdown command was received via the shutdown port. Stopping the Server instance.
Feb 07, 2015 10:58:22 PM org.apache.coyote.AbstractProtocol pause
INFO: Pausing ProtocolHandler ["http-bio-8080"]
Feb 07, 2015 10:58:22 PM org.apache.coyote.AbstractProtocol pause
INFO: Pausing ProtocolHandler ["ajp-bio-8009"]
Feb 07, 2015 10:58:22 PM org.apache.catalina.core.StandardService stopInternal
INFO: Stopping service Catalina
Feb 07, 2015 10:58:22 PM org.apache.coyote.AbstractProtocol stop
INFO: Stopping ProtocolHandler ["http-bio-8080"]
Feb 07, 2015 10:58:22 PM org.apache.coyote.AbstractProtocol stop
INFO: Stopping ProtocolHandler ["ajp-bio-8009"]
Feb 07, 2015 10:58:22 PM org.apache.coyote.AbstractProtocol destroy
INFO: Destroying ProtocolHandler ["http-bio-8080"]
Feb 07, 2015 10:58:22 PM org.apache.coyote.AbstractProtocol destroy
INFO: Destroying ProtocolHandler ["ajp-bio-8009"]
Feb 07, 2015 10:58:24 PM org.apache.catalina.core.AprLifecycleListener init
INFO: The APR based Apache Tomcat Native library which allows optimal performance in production environments was not found on the java.library.path: /Users/artem.demidovich/Library/Java/Extensions:/Library/Java/Extensions:/Network/Library/Java/Extensions:/System/Library/Java/Extensions:/usr/lib/java:.
Feb 07, 2015 10:58:25 PM org.apache.coyote.AbstractProtocol init
INFO: Initializing ProtocolHandler ["http-bio-8080"]
Feb 07, 2015 10:58:25 PM org.apache.coyote.AbstractProtocol init
INFO: Initializing ProtocolHandler ["ajp-bio-8009"]
Feb 07, 2015 10:58:25 PM org.apache.catalina.startup.Catalina load
INFO: Initialization processed in 729 ms
Feb 07, 2015 10:58:25 PM org.apache.catalina.core.StandardService startInternal
INFO: Starting service Catalina
Feb 07, 2015 10:58:25 PM org.apache.catalina.core.StandardEngine startInternal
INFO: Starting Servlet Engine: Apache Tomcat/7.0.47
Feb 07, 2015 10:58:25 PM org.apache.catalina.startup.HostConfig deployDirectory
INFO: Deploying web application directory /Users/artem.demidovich/Documents/sushimi/apache-tomcat-7.0.47/webapps/host-manager
Feb 07, 2015 10:58:30 PM org.apache.catalina.startup.HostConfig deployDirectory
INFO: Deploying web application directory /Users/artem.demidovich/Documents/sushimi/apache-tomcat-7.0.47/webapps/manager
Feb 07, 2015 10:58:32 PM org.apache.catalina.startup.HostConfig deployDirectory
INFO: Deploying web application directory /Users/artem.demidovich/Documents/sushimi/apache-tomcat-7.0.47/webapps/ROOT
Feb 07, 2015 10:58:37 PM org.apache.catalina.startup.HostConfig deployDirectory
INFO: Deploying web application directory /Users/artem.demidovich/Documents/sushimi/apache-tomcat-7.0.47/webapps/sushimi-rest-api-v2-3
Feb 07, 2015 10:58:39 PM org.apache.coyote.AbstractProtocol start
INFO: Starting ProtocolHandler ["http-bio-8080"]
Feb 07, 2015 10:58:39 PM org.apache.coyote.AbstractProtocol start
INFO: Starting ProtocolHandler ["ajp-bio-8009"]
Feb 07, 2015 10:58:39 PM org.apache.catalina.startup.Catalina start
INFO: Server startup in 14001 ms
